2025-07-31 09:49:59.675 [info] [main] Log level: Info
2025-07-31 09:49:59.675 [info] [main] Validating found git in: "git"
2025-07-31 09:49:59.675 [info] [main] Using git "2.43.0" from "git"
2025-07-31 09:49:59.675 [info] [Model][doInitialScan] Initial repository scan started
2025-07-31 09:49:59.675 [info] > git rev-parse --show-toplevel [5ms]
2025-07-31 09:49:59.675 [info] fatal: not a git repository (or any parent up to mount point /)
Stopping at filesystem boundary (GIT_DISCOVERY_ACROSS_FILESYSTEM not set).
2025-07-31 09:49:59.675 [info] > git rev-parse --show-toplevel [2ms]
2025-07-31 09:49:59.675 [info] fatal: not a git repository (or any parent up to mount point /)
Stopping at filesystem boundary (GIT_DISCOVERY_ACROSS_FILESYSTEM not set).
2025-07-31 09:49:59.675 [info] > git rev-parse --show-toplevel [2ms]
2025-07-31 09:49:59.675 [info] fatal: not a git repository (or any parent up to mount point /)
Stopping at filesystem boundary (GIT_DISCOVERY_ACROSS_FILESYSTEM not set).
2025-07-31 09:49:59.675 [info] > git rev-parse --show-toplevel [1ms]
2025-07-31 09:49:59.675 [info] fatal: not a git repository (or any parent up to mount point /)
Stopping at filesystem boundary (GIT_DISCOVERY_ACROSS_FILESYSTEM not set).
2025-07-31 09:49:59.675 [info] > git rev-parse --show-toplevel [1ms]
2025-07-31 09:49:59.675 [info] fatal: not a git repository (or any parent up to mount point /)
Stopping at filesystem boundary (GIT_DISCOVERY_ACROSS_FILESYSTEM not set).
2025-07-31 09:49:59.675 [info] > git rev-parse --show-toplevel [1ms]
2025-07-31 09:49:59.675 [info] fatal: not a git repository (or any parent up to mount point /)
Stopping at filesystem boundary (GIT_DISCOVERY_ACROSS_FILESYSTEM not set).
2025-07-31 09:49:59.675 [info] > git rev-parse --show-toplevel [1ms]
2025-07-31 09:49:59.675 [info] fatal: not a git repository (or any parent up to mount point /)
Stopping at filesystem boundary (GIT_DISCOVERY_ACROSS_FILESYSTEM not set).
2025-07-31 09:49:59.675 [info] > git rev-parse --show-toplevel [1ms]
2025-07-31 09:49:59.675 [info] fatal: not a git repository (or any parent up to mount point /)
Stopping at filesystem boundary (GIT_DISCOVERY_ACROSS_FILESYSTEM not set).
2025-07-31 09:49:59.675 [info] [Model][doInitialScan] Initial repository scan completed - repositories (0), closed repositories (0), parent repositories (0), unsafe repositories (0)
2025-07-31 09:51:57.050 [info] > git rev-parse --show-toplevel [2ms]
2025-07-31 09:51:57.051 [info] fatal: not a git repository (or any parent up to mount point /)
Stopping at filesystem boundary (GIT_DISCOVERY_ACROSS_FILESYSTEM not set).
2025-07-31 09:51:57.060 [info] > git rev-parse --show-toplevel [2ms]
2025-07-31 09:51:57.060 [info] fatal: not a git repository (or any parent up to mount point /)
Stopping at filesystem boundary (GIT_DISCOVERY_ACROSS_FILESYSTEM not set).
2025-07-31 09:51:58.033 [info] > git rev-parse --show-toplevel [16ms]
2025-07-31 09:51:58.033 [info] fatal: not a git repository (or any parent up to mount point /)
Stopping at filesystem boundary (GIT_DISCOVERY_ACROSS_FILESYSTEM not set).
2025-07-31 09:51:58.047 [info] > git rev-parse --show-toplevel [2ms]
2025-07-31 09:51:58.047 [info] fatal: not a git repository (or any parent up to mount point /)
Stopping at filesystem boundary (GIT_DISCOVERY_ACROSS_FILESYSTEM not set).
