0 verbose cli /usr/local/nvm/versions/node/v22.18.0/bin/node /usr/local/nvm/versions/node/v22.18.0/bin/npm
1 info using npm@11.5.2
2 info using node@v22.18.0
3 silly config load:file:/usr/local/nvm/versions/node/v22.18.0/lib/node_modules/npm/npmrc
4 silly config load:file:/home/arsalanali865/.npmrc
5 silly config load:file:/usr/local/nvm/versions/node/v22.18.0/etc/npmrc
6 verbose title npm run
7 verbose argv "run"
8 verbose logfile logs-max:10 dir:/home/arsalanali865/.npm/_logs/2025-08-13T07_30_35_418Z-
9 verbose logfile /home/arsalanali865/.npm/_logs/2025-08-13T07_30_35_418Z-debug-0.log
10 silly logfile start cleaning logs, removing 4 files
11 verbose stack Error: Could not read package.json: Error: ENOENT: no such file or directory, open '/home/arsalanali865/package.json'
11 verbose stack     at async open (node:internal/fs/promises:639:25)
11 verbose stack     at async readFile (node:internal/fs/promises:1243:14)
11 verbose stack     at async read (/usr/local/nvm/versions/node/v22.18.0/lib/node_modules/npm/node_modules/@npmcli/package-json/lib/read-package.js:9:18)
11 verbose stack     at async PackageJson.load (/usr/local/nvm/versions/node/v22.18.0/lib/node_modules/npm/node_modules/@npmcli/package-json/lib/index.js:132:31)
11 verbose stack     at async PackageJson.normalize (/usr/local/nvm/versions/node/v22.18.0/lib/node_modules/npm/node_modules/@npmcli/package-json/lib/index.js:118:5)
11 verbose stack     at async #list (/usr/local/nvm/versions/node/v22.18.0/lib/node_modules/npm/lib/commands/run.js:149:41)
11 verbose stack     at async RunScript.exec (/usr/local/nvm/versions/node/v22.18.0/lib/node_modules/npm/lib/commands/run.js:46:7)
11 verbose stack     at async Npm.exec (/usr/local/nvm/versions/node/v22.18.0/lib/node_modules/npm/lib/npm.js:208:9)
11 verbose stack     at async module.exports (/usr/local/nvm/versions/node/v22.18.0/lib/node_modules/npm/lib/cli/entry.js:67:5)
12 error code ENOENT
13 error syscall open
14 error path /home/arsalanali865/package.json
15 error errno -2
16 error enoent Could not read package.json: Error: ENOENT: no such file or directory, open '/home/arsalanali865/package.json'
17 error enoent This is related to npm not being able to find a file.
17 error enoent
18 verbose cwd /home/arsalanali865
19 verbose os Linux 6.6.97+
20 verbose node v22.18.0
21 verbose npm  v11.5.2
22 verbose exit -2
23 verbose code -2
24 error A complete log of this run can be found in: /home/arsalanali865/.npm/_logs/2025-08-13T07_30_35_418Z-debug-0.log
